<?xml version="1.0" encoding="UTF-8"?>
<!-- Generated by org.testng.reporters.JUnitReportReporter -->
<testsuite skipped="0" hostname="PC370662" name="test.web.SearchBooks" tests="1" failures="0" timestamp="21 Aug 2019 14:28:22 GMT" time="35.684" errors="0">
  <testcase name="LoadPage" time="35.684" classname="test.web.SearchBooks"/>
</testsuite> <!-- test.web.SearchBooks -->
